[Error][2018-07-17 12:11:37]:System.AggregateException: One or more errors occurred. ---> Nethereum.JsonRpc.Client.RpcClientUnknownException: Error occurred when trying to send rpc requests(s) ---> System.Net.Http.HttpRequestException: Response status code does not indicate success: 405 (Method Not Allowed).
   at System.Net.Http.HttpResponseMessage.EnsureSuccessStatusCode()
   at Nethereum.JsonRpc.Client.RpcClient.<SendAsync>d__17.MoveNext()
   --- End of inner exception stack trace ---
   at Nethereum.JsonRpc.Client.RpcClient.<SendAsync>d__17.MoveNext()
--- End of stack trace from previous location where exception was thrown ---
   at System.Runtime.CompilerServices.TaskAwaiter.ThrowForNonSuccess(Task task)
   at System.Runtime.CompilerServices.TaskAwaiter.HandleNonSuccessAndDebuggerNotification(Task task)
   at System.Runtime.CompilerServices.ConfiguredTaskAwaitable`1.ConfiguredTaskAwaiter.GetResult()
   at Nethereum.JsonRpc.Client.RpcClient.<SendInnerRequestAync>d__12`1.MoveNext()
--- End of stack trace from previous location where exception was thrown ---
   at System.Runtime.CompilerServices.TaskAwaiter.ThrowForNonSuccess(Task task)
   at System.Runtime.CompilerServices.TaskAwaiter.HandleNonSuccessAndDebuggerNotification(Task task)
   at System.Runtime.CompilerServices.ConfiguredTaskAwaitable`1.ConfiguredTaskAwaiter.GetResult()
   at Nethereum.JsonRpc.Client.ClientBase.<SendRequestAsync>d__8`1.MoveNext()
   --- End of inner exception stack trace ---
   at System.Threading.Tasks.Task.ThrowIfExceptional(Boolean includeTaskCanceledExceptions)
   at System.Threading.Tasks.Task`1.GetResultCore(Boolean waitCompletionNotification)
   at System.Threading.Tasks.Task`1.get_Result()
   at MITFC.Eth.ETHNethereum.ClsNethereum.SendTransaction(String from, String to, Double amount) in D:\GitHub\Mitclub\MITFC.Eth\MITFC.Eth.ETHNethereum\ClsNethereumETH.cs:line 41
---> (Inner Exception #0) Nethereum.JsonRpc.Client.RpcClientUnknownException: Error occurred when trying to send rpc requests(s) ---> System.Net.Http.HttpRequestException: Response status code does not indicate success: 405 (Method Not Allowed).
   at System.Net.Http.HttpResponseMessage.EnsureSuccessStatusCode()
   at Nethereum.JsonRpc.Client.RpcClient.<SendAsync>d__17.MoveNext()
   --- End of inner exception stack trace ---
   at Nethereum.JsonRpc.Client.RpcClient.<SendAsync>d__17.MoveNext()
--- End of stack trace from previous location where exception was thrown ---
   at System.Runtime.CompilerServices.TaskAwaiter.ThrowForNonSuccess(Task task)
   at System.Runtime.CompilerServices.TaskAwaiter.HandleNonSuccessAndDebuggerNotification(Task task)
   at System.Runtime.CompilerServices.ConfiguredTaskAwaitable`1.ConfiguredTaskAwaiter.GetResult()
   at Nethereum.JsonRpc.Client.RpcClient.<SendInnerRequestAync>d__12`1.MoveNext()
--- End of stack trace from previous location where exception was thrown ---
   at System.Runtime.CompilerServices.TaskAwaiter.ThrowForNonSuccess(Task task)
   at System.Runtime.CompilerServices.TaskAwaiter.HandleNonSuccessAndDebuggerNotification(Task task)
   at System.Runtime.CompilerServices.ConfiguredTaskAwaitable`1.ConfiguredTaskAwaiter.GetResult()
   at Nethereum.JsonRpc.Client.ClientBase.<SendRequestAsync>d__8`1.MoveNext()<---

